Determining if the pthread_create exist failed with the following output:
Change Dir: /home/arivane/projetoEmbarcados/src/build/CMakeFiles/CMakeTmp

Run Build Command:"/usr/bin/make" "cmTC_1b8ca/fast"
/usr/bin/make -f CMakeFiles/cmTC_1b8ca.dir/build.make CMakeFiles/cmTC_1b8ca.dir/build
make[1]: Entering directory '/home/arivane/projetoEmbarcados/src/build/CMakeFiles/CMakeTmp'
Building C object CMakeFiles/cmTC_1b8ca.dir/CheckSymbolExists.c.o
/usr/bin/cc    -o CMakeFiles/cmTC_1b8ca.dir/CheckSymbolExists.c.o   -c /home/arivane/projetoEmbarcados/src/build/CMakeFiles/CMakeTmp/CheckSymbolExists.c
Linking C executable cmTC_1b8ca
/usr/bin/cmake -E cmake_link_script CMakeFiles/cmTC_1b8ca.dir/link.txt --verbose=1
/usr/bin/cc      -rdynamic CMakeFiles/cmTC_1b8ca.dir/CheckSymbolExists.c.o  -o cmTC_1b8ca 
CMakeFiles/cmTC_1b8ca.dir/CheckSymbolExists.c.o: Na função "main":
CheckSymbolExists.c:(.text+0x1b): referência não definida para "pthread_create"
collect2: error: ld returned 1 exit status
CMakeFiles/cmTC_1b8ca.dir/build.make:97: recipe for target 'cmTC_1b8ca' failed
make[1]: *** [cmTC_1b8ca] Error 1
make[1]: Leaving directory '/home/arivane/projetoEmbarcados/src/build/CMakeFiles/CMakeTmp'
Makefile:126: recipe for target 'cmTC_1b8ca/fast' failed
make: *** [cmTC_1b8ca/fast] Error 2

File /home/arivane/projetoEmbarcados/src/build/CMakeFiles/CMakeTmp/CheckSymbolExists.c:
/* */
#include <pthread.h>

int main(int argc, char** argv)
{
  (void)argv;
#ifndef pthread_create
  return ((int*)(&pthread_create))[argc];
#else
  (void)argc;
  return 0;
#endif
}

